2022-03-28 16:46:16,540 [Worker-4: Loading available Gradle versions] INFO  o.e.b.c.i.u.g.PublishedGradleVersions - Gradle version information cache is out-of-date. Trying to update.
2022-03-28 16:46:50,517 [Worker-2: Importing Maven projects] INFO  o.e.m.c.i.l.LifecycleMappingFactory - Using org.eclipse.m2e.jdt.JarLifecycleMapping lifecycle mapping for MavenProject: com.uhi:HSP:0.0.1-SNAPSHOT @ D:\UHI\HSPA4\hsp\pom.xml.
2022-03-28 16:46:52,096 [Worker-2: Importing Maven projects] WARN  o.e.m.c.i.embedder.EclipseLogger - The POM for com.dhp.sdk:dhp.sdk:jar:0.0.1-SNAPSHOT is missing, no dependency information available
2022-03-28 16:46:53,617 [Worker-2: Importing Maven projects] INFO  o.e.m.j.i.AbstractJavaProjectConfigurator - Adding source folder /hsp/src/main/java
2022-03-28 16:46:53,618 [Worker-2: Importing Maven projects] INFO  o.e.m.j.i.AbstractJavaProjectConfigurator - Adding resource folder /hsp/src/main/resources
2022-03-28 16:46:53,618 [Worker-2: Importing Maven projects] INFO  o.e.m.j.i.AbstractJavaProjectConfigurator - Adding resource folder /hsp/src/main/resources
2022-03-28 16:46:53,619 [Worker-2: Importing Maven projects] INFO  o.e.m.j.i.AbstractJavaProjectConfigurator - Adding source folder /hsp/src/test/java
2022-03-28 16:46:54,667 [Worker-2: Importing Maven projects] INFO  o.e.m.c.i.p.ProjectConfigurationManager - Imported and configured 1 project(s) in 5 sec
2022-03-28 16:46:57,985 [Worker-8: Building] WARN  o.e.m.c.i.embedder.EclipseLogger - The POM for com.dhp.sdk:dhp.sdk:jar:0.0.1-SNAPSHOT is missing, no dependency information available
2022-03-28 16:46:58,266 [Worker-8: Building] INFO  o.e.m.c.i.embedder.EclipseLogger - Using 'UTF-8' encoding to copy filtered resources.
2022-03-28 16:46:58,266 [Worker-8: Building] INFO  o.e.m.c.i.embedder.EclipseLogger - Using 'UTF-8' encoding to copy filtered properties files.
2022-03-28 16:46:58,270 [Worker-8: Building] INFO  o.e.m.c.i.embedder.EclipseLogger - Copying 1 resource
2022-03-28 16:46:58,298 [Worker-8: Building] INFO  o.e.m.c.i.embedder.EclipseLogger - Copying 5 resources
2022-03-28 16:46:58,303 [Worker-8: Building] INFO  o.e.m.c.i.embedder.EclipseLogger - Using 'UTF-8' encoding to copy filtered resources.
2022-03-28 16:46:58,303 [Worker-8: Building] INFO  o.e.m.c.i.embedder.EclipseLogger - Using 'UTF-8' encoding to copy filtered properties files.
2022-03-28 16:46:58,303 [Worker-8: Building] INFO  o.e.m.c.i.embedder.EclipseLogger - skip non existing resourceDirectory D:\UHI\HSPA4\hsp\src\test\resources
2022-03-28 16:47:06,499 [Worker-9: Importing Maven projects] INFO  o.e.m.c.i.l.LifecycleMappingFactory - Using org.eclipse.m2e.jdt.JarLifecycleMapping lifecycle mapping for MavenProject: com.dhp.sdk:dhp.sdk:0.0.1-SNAPSHOT @ D:\UHI\HSPA4\dhp-sdk\pom.xml.
2022-03-28 16:47:06,879 [Worker-9: Importing Maven projects] INFO  o.e.m.c.i.l.LifecycleMappingFactory - Using org.eclipse.m2e.jdt.JarLifecycleMapping lifecycle mapping for MavenProject: com.uhi:HSP:0.0.1-SNAPSHOT @ D:\UHI\HSPA4\hsp\pom.xml.
2022-03-28 16:47:07,810 [Worker-9: Importing Maven projects] INFO  o.e.m.c.i.p.WorkspaceClassifierResolverManager - Resolving P/dhp-sdk: com.dhp.sdk:dhp.sdk:0.0.1-SNAPSHOT with classifier  to /dhp-sdk/target/classes
2022-03-28 16:47:08,350 [Worker-9: Importing Maven projects] INFO  o.e.m.j.i.AbstractJavaProjectConfigurator - Adding source folder /dhp-sdk/src/main/java
2022-03-28 16:47:08,350 [Worker-9: Importing Maven projects] INFO  o.e.m.j.i.AbstractJavaProjectConfigurator - Adding resource folder /dhp-sdk/src/main/resources
2022-03-28 16:47:08,351 [Worker-9: Importing Maven projects] INFO  o.e.m.j.i.AbstractJavaProjectConfigurator - Adding resource folder /dhp-sdk/src/main/resources
2022-03-28 16:47:08,351 [Worker-9: Importing Maven projects] INFO  o.e.m.j.i.AbstractJavaProjectConfigurator - Adding source folder /dhp-sdk/src/test/java
2022-03-28 16:47:08,424 [Worker-9: Importing Maven projects] INFO  o.e.m.c.i.p.ProjectConfigurationManager - Imported and configured 1 project(s) in 2 sec
2022-03-28 16:47:09,862 [Worker-6: Building] INFO  o.e.m.c.i.embedder.EclipseLogger - Using 'UTF-8' encoding to copy filtered resources.
2022-03-28 16:47:09,862 [Worker-6: Building] INFO  o.e.m.c.i.embedder.EclipseLogger - Using 'UTF-8' encoding to copy filtered properties files.
2022-03-28 16:47:09,863 [Worker-6: Building] INFO  o.e.m.c.i.embedder.EclipseLogger - Copying 1 resource
2022-03-28 16:47:09,865 [Worker-6: Building] INFO  o.e.m.c.i.embedder.EclipseLogger - Copying 0 resource
2022-03-28 16:47:09,867 [Worker-6: Building] INFO  o.e.m.c.i.embedder.EclipseLogger - Using 'UTF-8' encoding to copy filtered resources.
2022-03-28 16:47:09,867 [Worker-6: Building] INFO  o.e.m.c.i.embedder.EclipseLogger - Using 'UTF-8' encoding to copy filtered properties files.
2022-03-28 16:47:09,867 [Worker-6: Building] INFO  o.e.m.c.i.embedder.EclipseLogger - skip non existing resourceDirectory D:\UHI\HSPA4\dhp-sdk\src\test\resources
2022-03-28 16:47:12,118 [Worker-6: Building] INFO  o.e.m.c.i.p.WorkspaceClassifierResolverManager - Resolving P/dhp-sdk: com.dhp.sdk:dhp.sdk:0.0.1-SNAPSHOT with classifier  to /dhp-sdk/target/classes
2022-03-28 16:47:12,125 [Worker-6: Building] INFO  o.e.m.c.i.embedder.EclipseLogger - Using 'UTF-8' encoding to copy filtered resources.
2022-03-28 16:47:12,125 [Worker-6: Building] INFO  o.e.m.c.i.embedder.EclipseLogger - Using 'UTF-8' encoding to copy filtered properties files.
2022-03-28 16:47:12,128 [Worker-6: Building] INFO  o.e.m.c.i.embedder.EclipseLogger - Copying 1 resource
2022-03-28 16:47:12,130 [Worker-6: Building] INFO  o.e.m.c.i.embedder.EclipseLogger - Copying 5 resources
2022-03-28 16:47:12,145 [Worker-6: Building] INFO  o.e.m.c.i.embedder.EclipseLogger - Using 'UTF-8' encoding to copy filtered resources.
2022-03-28 16:47:12,145 [Worker-6: Building] INFO  o.e.m.c.i.embedder.EclipseLogger - Using 'UTF-8' encoding to copy filtered properties files.
2022-03-28 16:47:12,145 [Worker-6: Building] INFO  o.e.m.c.i.embedder.EclipseLogger - skip non existing resourceDirectory D:\UHI\HSPA4\hsp\src\test\resources
2022-03-28 16:48:52,864 [Worker-2: Building] INFO  o.e.m.c.i.embedder.EclipseLogger - Using 'UTF-8' encoding to copy filtered resources.
2022-03-28 16:48:52,864 [Worker-2: Building] INFO  o.e.m.c.i.embedder.EclipseLogger - Using 'UTF-8' encoding to copy filtered properties files.
2022-03-28 16:48:52,865 [Worker-2: Building] INFO  o.e.m.c.i.embedder.EclipseLogger - Copying 0 resource
2022-03-28 16:48:52,865 [Worker-2: Building] INFO  o.e.m.c.i.embedder.EclipseLogger - Copying 0 resource
2022-03-28 16:48:52,866 [Worker-2: Building] INFO  o.e.m.c.i.embedder.EclipseLogger - Using 'UTF-8' encoding to copy filtered resources.
2022-03-28 16:48:52,866 [Worker-2: Building] INFO  o.e.m.c.i.embedder.EclipseLogger - Using 'UTF-8' encoding to copy filtered properties files.
2022-03-28 16:48:52,866 [Worker-2: Building] INFO  o.e.m.c.i.embedder.EclipseLogger - skip non existing resourceDirectory D:\UHI\HSPA4\dhp-sdk\src\test\resources
2022-03-28 16:48:52,891 [Worker-2: Building] INFO  o.e.m.c.i.embedder.EclipseLogger - Using 'UTF-8' encoding to copy filtered resources.
2022-03-28 16:48:52,891 [Worker-2: Building] INFO  o.e.m.c.i.embedder.EclipseLogger - Using 'UTF-8' encoding to copy filtered properties files.
2022-03-28 16:48:52,892 [Worker-2: Building] INFO  o.e.m.c.i.embedder.EclipseLogger - Copying 0 resource
2022-03-28 16:48:52,892 [Worker-2: Building] INFO  o.e.m.c.i.embedder.EclipseLogger - Copying 0 resource
2022-03-28 16:48:52,893 [Worker-2: Building] INFO  o.e.m.c.i.embedder.EclipseLogger - Using 'UTF-8' encoding to copy filtered resources.
2022-03-28 16:48:52,893 [Worker-2: Building] INFO  o.e.m.c.i.embedder.EclipseLogger - Using 'UTF-8' encoding to copy filtered properties files.
2022-03-28 16:48:52,893 [Worker-2: Building] INFO  o.e.m.c.i.embedder.EclipseLogger - skip non existing resourceDirectory D:\UHI\HSPA4\hsp\src\test\resources
2022-03-28 16:56:09,253 [Worker-14: Building] INFO  o.e.m.c.i.embedder.EclipseLogger - Using 'UTF-8' encoding to copy filtered resources.
2022-03-28 16:56:09,253 [Worker-14: Building] INFO  o.e.m.c.i.embedder.EclipseLogger - Using 'UTF-8' encoding to copy filtered properties files.
2022-03-28 16:56:09,254 [Worker-14: Building] INFO  o.e.m.c.i.embedder.EclipseLogger - Copying 1 resource
2022-03-28 16:56:09,266 [Worker-14: Building] INFO  o.e.m.c.i.embedder.EclipseLogger - Copying 5 resources
2022-03-28 16:56:09,270 [Worker-14: Building] INFO  o.e.m.c.i.embedder.EclipseLogger - Using 'UTF-8' encoding to copy filtered resources.
2022-03-28 16:56:09,270 [Worker-14: Building] INFO  o.e.m.c.i.embedder.EclipseLogger - Using 'UTF-8' encoding to copy filtered properties files.
2022-03-28 16:56:09,270 [Worker-14: Building] INFO  o.e.m.c.i.embedder.EclipseLogger - skip non existing resourceDirectory D:\UHI\HSPA4\hsp\src\test\resources
2022-03-28 16:56:35,429 [Worker-13: Building] INFO  o.e.m.c.i.embedder.EclipseLogger - Using 'UTF-8' encoding to copy filtered resources.
2022-03-28 16:56:35,429 [Worker-13: Building] INFO  o.e.m.c.i.embedder.EclipseLogger - Using 'UTF-8' encoding to copy filtered properties files.
2022-03-28 16:56:35,430 [Worker-13: Building] INFO  o.e.m.c.i.embedder.EclipseLogger - Copying 1 resource
2022-03-28 16:56:35,435 [Worker-13: Building] INFO  o.e.m.c.i.embedder.EclipseLogger - Copying 5 resources
2022-03-28 16:56:35,437 [Worker-13: Building] INFO  o.e.m.c.i.embedder.EclipseLogger - Using 'UTF-8' encoding to copy filtered resources.
2022-03-28 16:56:35,437 [Worker-13: Building] INFO  o.e.m.c.i.embedder.EclipseLogger - Using 'UTF-8' encoding to copy filtered properties files.
2022-03-28 16:56:35,437 [Worker-13: Building] INFO  o.e.m.c.i.embedder.EclipseLogger - skip non existing resourceDirectory D:\UHI\HSPA4\hsp\src\test\resources
2022-03-28 16:56:48,724 [Worker-11: Building] INFO  o.e.m.c.i.embedder.EclipseLogger - Using 'UTF-8' encoding to copy filtered resources.
2022-03-28 16:56:48,725 [Worker-11: Building] INFO  o.e.m.c.i.embedder.EclipseLogger - Using 'UTF-8' encoding to copy filtered properties files.
2022-03-28 16:56:48,726 [Worker-11: Building] INFO  o.e.m.c.i.embedder.EclipseLogger - Copying 1 resource
2022-03-28 16:56:48,736 [Worker-11: Building] INFO  o.e.m.c.i.embedder.EclipseLogger - Copying 5 resources
2022-03-28 16:56:48,739 [Worker-11: Building] INFO  o.e.m.c.i.embedder.EclipseLogger - Using 'UTF-8' encoding to copy filtered resources.
2022-03-28 16:56:48,739 [Worker-11: Building] INFO  o.e.m.c.i.embedder.EclipseLogger - Using 'UTF-8' encoding to copy filtered properties files.
2022-03-28 16:56:48,739 [Worker-11: Building] INFO  o.e.m.c.i.embedder.EclipseLogger - skip non existing resourceDirectory D:\UHI\HSPA4\hsp\src\test\resources
